<?xml version="1.0" encoding="UTF-8"?>
<!-- Generated by org.testng.reporters.JUnitReportReporter -->
<testsuite hostname="Lubab" failures="0" tests="12" name="AlmosaferWebsite.AlmosaferWebsite.AppTest" time="26.640" errors="0" timestamp="2025-09-06T21:56:49 EET" skipped="0">
  <testcase classname="AlmosaferWebsite.AlmosaferWebsite.AppTest" name="englishDefaultLanguage" time="0.167"/>
  <testcase classname="AlmosaferWebsite.AlmosaferWebsite.AppTest" name="checkTheContactNum" time="0.031"/>
  <testcase classname="AlmosaferWebsite.AlmosaferWebsite.AppTest" name="checkTheCurrencyIsSAR" time="0.022"/>
  <testcase classname="AlmosaferWebsite.AlmosaferWebsite.AppTest" name="qitafLogo" time="1.244"/>
  <testcase classname="AlmosaferWebsite.AlmosaferWebsite.AppTest" name="hotelTab" time="0.044"/>
  <testcase classname="AlmosaferWebsite.AlmosaferWebsite.AppTest" name="FlightDatesDeparture" time="0.030"/>
  <testcase classname="AlmosaferWebsite.AlmosaferWebsite.AppTest" name="FlightDatesReturn" time="0.016"/>
  <testcase classname="AlmosaferWebsite.AlmosaferWebsite.AppTest" name="RandomlyLanguage" time="0.837"/>
  <testcase classname="AlmosaferWebsite.AlmosaferWebsite.AppTest" name="HotelSearchTabCityInput" time="3.148"/>
  <testcase classname="AlmosaferWebsite.AlmosaferWebsite.AppTest" name="selectRoomOptionsRandomly" time="2.295"/>
  <testcase classname="AlmosaferWebsite.AlmosaferWebsite.AppTest" name="clickSearchHotels" time="18.742"/>
  <testcase classname="AlmosaferWebsite.AlmosaferWebsite.AppTest" name="waitForSearchResults" time="0.064"/>
</testsuite> <!-- AlmosaferWebsite.AlmosaferWebsite.AppTest -->
