<?xml version="1.0" encoding="UTF-8"?>
<!-- Generated by org.testng.reporters.JUnitReportReporter -->
<testsuite hostname="Lubab" failures="0" tests="12" name="AlmosaferWebsite.AlmosaferWebsite.AppTest" time="25.398" errors="0" timestamp="2025-05-04T00:23:37 GMT+03:00" skipped="0">
  <testcase classname="AlmosaferWebsite.AlmosaferWebsite.AppTest" name="EnglishDefaultLanguage" time="0.028"/>
  <testcase classname="AlmosaferWebsite.AlmosaferWebsite.AppTest" name="CheckTheContactNum" time="0.025"/>
  <testcase classname="AlmosaferWebsite.AlmosaferWebsite.AppTest" name="CheckTheCurrencyIsSAR" time="0.022"/>
  <testcase classname="AlmosaferWebsite.AlmosaferWebsite.AppTest" name="QitafLogo" time="1.218"/>
  <testcase classname="AlmosaferWebsite.AlmosaferWebsite.AppTest" name="HotelTab" time="0.020"/>
  <testcase classname="AlmosaferWebsite.AlmosaferWebsite.AppTest" name="FlightDatesDeparture" time="0.024"/>
  <testcase classname="AlmosaferWebsite.AlmosaferWebsite.AppTest" name="FlightDatesReturn" time="0.036"/>
  <testcase classname="AlmosaferWebsite.AlmosaferWebsite.AppTest" name="RandomlyLanguage" time="0.645"/>
  <testcase classname="AlmosaferWebsite.AlmosaferWebsite.AppTest" name="HotelSearchTabCityInput" time="9.091"/>
  <testcase classname="AlmosaferWebsite.AlmosaferWebsite.AppTest" name="selectRoomOptionsRandomly" time="2.315"/>
  <testcase classname="AlmosaferWebsite.AlmosaferWebsite.AppTest" name="clickSearchHotels" time="4.798"/>
  <testcase classname="AlmosaferWebsite.AlmosaferWebsite.AppTest" name="waitForSearchResults" time="7.176"/>
</testsuite> <!-- AlmosaferWebsite.AlmosaferWebsite.AppTest -->
